<?xml version="1.0" encoding="UTF-8"?>
<testsuite xmlns:xsi="http://www.w3.org/2001/XMLSchema-instance" xsi:noNamespaceSchemaLocation="https://maven.apache.org/surefire/maven-surefire-plugin/xsd/surefire-test-report-3.0.xsd" version="3.0" name="runners.TestRunner" time="22.798" tests="1" errors="0" skipped="0" failures="1">
  <properties>
[...]
</properties>
  <testcase name="Add Employee with first name and last name" classname="Add Employee Feature" time="20.402">
    <failure message="The name is not correct!! expected:&lt;Te[]nir Sirnames&gt; but was:&lt;Te[y]nir Sirnames&gt;" type="org.junit.ComparisonFailure"><![CDATA[org.junit.ComparisonFailure: The name is not correct!! expected:<Te[]nir Sirnames> but was:<Te[y]nir Sirnames>
]]></failure>
    <system-out><![CDATA[
@sprint17 @dataDriven
Scenario: Add Employee with first name and last name   # src/test/resources/features/AddEmployee.feature:9
Starting Test Add Employee with first name and last name
  Given user is logged in with valid credentials       # steps.EmployeeSearchSteps.user_is_logged_in_with_valid_credentials()
  And user navigates Add Employee Page                 # steps.AddEmployeeSteps.user_navigates_add_employee_page()
  When user enters "Teynir" and last name "Sirnames"   # steps.AddEmployeeSteps.user_enters_and_last_name(java.lang.String,java.lang.String)
  And user clicks save button                          # steps.AddEmployeeSteps.user_clicks_save_button()
  Then employee "Tenir Sirnames" is added successfully # steps.AddEmployeeSteps.employee_is_added_successfully(java.lang.String)
      org.junit.ComparisonFailure: The name is not correct!! expected:<Te[]nir Sirnames> but was:<Te[y]nir Sirnames>
	at org.junit.Assert.assertEquals(Assert.java:117)
	at steps.AddEmployeeSteps.employee_is_added_successfully(AddEmployeeSteps.java:91)
	at âœ½.employee "Tenir Sirnames" is added successfully(file:///C:/Users/P&B/eclipse-workspace/Cucumber-Framework/src/test/resources/features/AddEmployee.feature:12)


    Embedding Add Employee with first name and last name [image\png 69427 bytes]

Ending Test Add Employee with first name and last name
FAILED
]]></system-out>
    <system-err><![CDATA[Starting ChromeDriver 94.0.4606.61 (418b78f5838ed0b1c69bb4e51ea0252171854915-refs/branch-heads/4606@{#1204}) on port 15041
Only local connections are allowed.
Please see https://chromedriver.chromium.org/security-considerations for suggestions on keeping ChromeDriver safe.
ChromeDriver was started successfully.
[1634935994.598][WARNING]: This version of ChromeDriver has not been tested with Chrome version 95.
Eki 22, 2021 11:53:14 ÖS org.openqa.selenium.remote.ProtocolHandshake createSession
INFO: Detected dialect: W3C
]]></system-err>
  </testcase>
</testsuite>